<?xml version="1.0" encoding="UTF-8"?>
<!-- Generated by org.testng.reporters.JUnitXMLReporter -->
<testsuite ignored="0" hostname="Deja-Vu" failures="0" tests="1" name="Command line test" time="0.051" errors="0" timestamp="13 Apr 2020 18:12:29 GMT">
  <testcase classname="Selenium.TestUserRegistration" name="@BeforeClass setUp" time="0.016">
    <failure type="java.lang.NullPointerException">
      <![CDATA[java.lang.NullPointerException
at Selenium.DriverSetup.getDriver(Main.java:59)
at Selenium.TestUserRegistration.setUp(Main.java:77)
at Selenium.Main.main(Main.java:100)
... Removed 23 stack frames]]>
    </failure>
  </testcase> <!-- @BeforeClass setUp -->
  <testcase classname="Selenium.TestUserRegistration" name="@AfterClass closeBrowser" time="0.0">
    <skipped/>
  </testcase> <!-- @AfterClass closeBrowser -->
  <testcase classname="Selenium.TestUserRegistration" name="testObjectIdentification" time="0.0">
    <skipped/>
  </testcase> <!-- testObjectIdentification -->
</testsuite> <!-- Command line test -->
